########### array before sorts ###########
0	90.932000	183.642000	17.292000	183.642000	n
1	17.292000	183.642000	17.292000	-10.846000	n
2	17.292000	-10.846000	90.932000	-10.846000	n
3	90.932000	-10.846000	90.932000	183.642000	n
Tolerance=0.050000.
*Exact match for i=0 and j=1.
*i point 90.932000	183.642000	17.292000	183.642000	y
*Exact match for i=1 and j=2.
*i point 17.292000	183.642000	17.292000	-10.846000	y
*Exact match for i=2 and j=3.
*i point 17.292000	-10.846000	90.932000	-10.846000	y
########### array after sorts ###########
0	90.932000	183.642000	17.292000	183.642000	y
1	17.292000	183.642000	17.292000	-10.846000	y
2	17.292000	-10.846000	90.932000	-10.846000	y
3	90.932000	-10.846000	90.932000	183.642000	y
***************
.BOARD_OUTLINE UNOWNED
1.6
0     90.932000     183.642000     0
0     17.292000     183.642000     0
0     17.292000     -10.846000     0
0     90.932000     -10.846000     0
0     90.932000     183.642000     0
